
<!DOCTYPE html>
<html lang="en">
<head>
    <meta charset="UTF-8">
    <meta name="viewport" content="width=device-width, initial-scale=1.0">
    <title>CR2A Test Report</title>
    <style>
        body { font-family: Arial, sans-serif; margin: 20px; background-color: #f5f5f5; }
        .container { max-width: 1200px; margin: 0 auto; background-color: white; padding: 20px; border-radius: 8px; box-shadow: 0 2px 4px rgba(0,0,0,0.1); }
        .header { text-align: center; margin-bottom: 30px; }
        .summary { display: grid; grid-template-columns: repeat(auto-fit, minmax(200px, 1fr)); gap: 20px; margin-bottom: 30px; }
        .summary-card { background: #f8f9fa; padding: 15px; border-radius: 6px; text-align: center; }
        .summary-card h3 { margin: 0 0 10px 0; color: #333; }
        .summary-card .value { font-size: 24px; font-weight: bold; }
        .pass { color: #28a745; }
        .fail { color: #dc3545; }
        .error { color: #fd7e14; }
        .skip { color: #6c757d; }
        .test-suite { margin-bottom: 30px; border: 1px solid #dee2e6; border-radius: 6px; }
        .test-suite-header { background: #e9ecef; padding: 15px; border-bottom: 1px solid #dee2e6; }
        .test-suite-header h2 { margin: 0; color: #333; }
        .test-suite-meta { font-size: 14px; color: #666; margin-top: 5px; }
        .test-results { padding: 15px; }
        .test-result { display: flex; justify-content: space-between; align-items: center; padding: 10px; margin-bottom: 10px; border-radius: 4px; }
        .test-result.pass { background: #d4edda; border-left: 4px solid #28a745; }
        .test-result.fail { background: #f8d7da; border-left: 4px solid #dc3545; }
        .test-result.error { background: #ffeaa7; border-left: 4px solid #fd7e14; }
        .test-result.skip { background: #e2e3e5; border-left: 4px solid #6c757d; }
        .test-name { font-weight: bold; }
        .test-message { font-size: 14px; color: #666; margin-top: 5px; }
        .test-details { font-size: 12px; color: #888; }
        .execution-time { font-size: 12px; color: #666; }
        .footer { text-align: center; margin-top: 30px; padding-top: 20px; border-top: 1px solid #dee2e6; color: #666; }
    </style>
</head>
<body>
    <div class="container">
        <div class="header">
            <h1>CR2A Testing Framework Report</h1>
            <p>Generated on 2026-01-05 15:40:31 UTC</p>
        </div>
        
        <div class="summary">
            <div class="summary-card">
                <h3>Overall Status</h3>
                <div class="value error">ERROR</div>
            </div>
            <div class="summary-card">
                <h3>Test Suites</h3>
                <div class="value">1</div>
            </div>
            <div class="summary-card">
                <h3>Total Tests</h3>
                <div class="value">4</div>
            </div>
            <div class="summary-card">
                <h3>Pass Rate</h3>
                <div class="value pass">25.0%</div>
            </div>
            <div class="summary-card">
                <h3>Execution Time</h3>
                <div class="value">13.78s</div>
            </div>
        </div>
        
        
        <div class="test-suite">
            <div class="test-suite-header">
                <h2>Integration Tests</h2>
                <div class="test-suite-meta">
                    Testing component interactions and workflow orchestration | 
                    Status: <span class="error">ERROR</span> | 
                    Tests: 4 | 
                    Pass Rate: 25.0% | 
                    Time: 13.78s
                </div>
            </div>
            <div class="test-results">
                
                <div class="test-result pass">
                    <div>
                        <div class="test-name">test_state_machine_exists</div>
                        <div class="test-message">State machine 'cr2a-contract-analysis' found and accessible</div>
                        
                        <div class="test-details">Details: {'state_machine_arn': 'arn:aws:states:us-east-1:143895994429:stateMachine:cr2a-contract-analysis'}</div>
                        
                    </div>
                    <div class="execution-time">0.642s</div>
                </div>
                
                <div class="test-result fail">
                    <div>
                        <div class="test-name">run_manual_execution</div>
                        <div class="test-message">Manual execution failed with status: FAILED</div>
                        
                        <div class="test-details">Details: {'execution_arn': 'arn:aws:states:us-east-1:143895994429:execution:cr2a-contract-analysis:test-execution-1767645618-726afe62', 'status': 'FAILED', 'start_date': '2026-01-05T15:40:18.668000-05:00', 'stop_date': '2026-01-05T15:40:18.775000-05:00', 'output': None, 'error': 'States.Runtime', 'cause': 'An error occurred while executing the state \'GetMetadata\' (entered at the event id #2). The JSONPath \'$.s3_bucket\' specified for the field \'s3_bucket.$\' could not be found in the input \'{"bucket": "test-bucket", "key": "test-document.pdf"}\''}</div>
                        
                    </div>
                    <div class="execution-time">5.252s</div>
                </div>
                
                <div class="test-result error">
                    <div>
                        <div class="test-name">api_gateway_test</div>
                        <div class="test-message">Failed to run API Gateway test: 'APIGatewayTester' object has no attribute 'test_api_endpoints'</div>
                        
                    </div>
                    <div class="execution-time">0.000s</div>
                </div>
                
                <div class="test-result error">
                    <div>
                        <div class="test-name">test_execution_permissions</div>
                        <div class="test-message">Test failed with exception: API execution role 'cr2a-api-execution-role' not found</div>
                        
                        <div class="test-details">Details: {'exception_type': 'ValueError', 'exception_args': '("API execution role \'cr2a-api-execution-role\' not found",)'}</div>
                        
                    </div>
                    <div class="execution-time">7.887s</div>
                </div>
                
            </div>
        </div>
        
        
        <div class="footer">
            <p>CR2A Testing Framework - Contract Review and Analysis Testing Suite</p>
        </div>
    </div>
</body>
</html>
        