<?xml version="1.0" ?>
<testsuites name="CR2A Testing Framework" timestamp="2026-01-05T15:40:31.700866" tests="4" failures="1" errors="2" time="13.781924724578857">
  <testsuite name="Integration Tests" tests="4" time="13.781924724578857" timestamp="2026-01-05T20:40:31.661264+00:00" failures="1" errors="2">
    <testcase name="test_state_machine_exists" time="0.6418242454528809" classname="Integration_Tests"/>
    <testcase name="run_manual_execution" time="5.251582860946655" classname="Integration_Tests">
      <failure message="Manual execution failed with status: FAILED">{'execution_arn': 'arn:aws:states:us-east-1:143895994429:execution:cr2a-contract-analysis:test-execution-1767645618-726afe62', 'status': 'FAILED', 'start_date': '2026-01-05T15:40:18.668000-05:00', 'stop_date': '2026-01-05T15:40:18.775000-05:00', 'output': None, 'error': 'States.Runtime', 'cause': 'An error occurred while executing the state \'GetMetadata\' (entered at the event id #2). The JSONPath \'$.s3_bucket\' specified for the field \'s3_bucket.$\' could not be found in the input \'{"bucket": "test-bucket", "key": "test-document.pdf"}\''}</failure>
    </testcase>
    <testcase name="api_gateway_test" time="0.0" classname="Integration_Tests">
      <error message="Failed to run API Gateway test: 'APIGatewayTester' object has no attribute 'test_api_endpoints'"/>
    </testcase>
    <testcase name="test_execution_permissions" time="7.88721776008606" classname="Integration_Tests">
      <error message="Test failed with exception: API execution role 'cr2a-api-execution-role' not found">{'exception_type': 'ValueError', 'exception_args': '("API execution role \'cr2a-api-execution-role\' not found",)'}</error>
    </testcase>
  </testsuite>
</testsuites>
